Array
(
    [data] => Array
        (
            [maDonHang] => 82
            [danhSachSanPham] => Array
                (
                    [0] => Array
                        (
                            [bookId] => 7
                            [quantity] => 4
                        )

                    [1] => Array
                        (
                            [bookId] => 49
                            [quantity] => 1
                        )

                )

        )

)
